java.lang.RuntimeException: generate oucur error,templateFile is:src\main\java\${basepackage_dir}\daointerface\${className}${deployModule}DAO.java.ftl => D:\MyConfiguration\hyz46086\IdeaProjects\tc.tmc.datacollectionapi\dalgen\db\..\..\app\dal\src\main\java\com\ly\report\tmc\datacollectionapi\datacollectionapi\dal\daointerface\DepartmentOrderInfoDAO.java cause:freemarker.template.TemplateModelException: get(sqls) failed on instance of cn.org.rapid_framework.generator.ext.tableconfig.model.TableConfig
	at cn.org.rapid_framework.generator.Generator$TemplateProcessor.executeGenerate(Generator.java:312)
	at cn.org.rapid_framework.generator.Generator$TemplateProcessor.access$100(Generator.java:273)
	at cn.org.rapid_framework.generator.Generator.scanTemplatesAndProcess(Generator.java:255)
	at cn.org.rapid_framework.generator.Generator.processTemplateRootDirs(Generator.java:195)
	at cn.org.rapid_framework.generator.Generator.generateBy(Generator.java:165)
	at cn.org.rapid_framework.generator.GeneratorFacade$ProcessUtils.processByGeneratorModel(GeneratorFacade.java:220)
	at cn.org.rapid_framework.generator.GeneratorFacade$ProcessUtils.processByMap(GeneratorFacade.java:195)
	at cn.org.rapid_framework.generator.GeneratorFacade.generateByMap(GeneratorFacade.java:55)
	at sun.reflect.NativeMethodAccessorImpl.invoke0(Native Method)
	at sun.reflect.NativeMethodAccessorImpl.invoke(NativeMethodAccessorImpl.java:62)
	at sun.reflect.DelegatingMethodAccessorImpl.invoke(DelegatingMethodAccessorImpl.java:43)
	at java.lang.reflect.Method.invoke(Method.java:498)
	at org.codehaus.groovy.runtime.callsite.PojoMetaMethodSite$PojoCachedMethodSite.invoke(PojoMetaMethodSite.java:188)
	at org.codehaus.groovy.runtime.callsite.PojoMetaMethodSite.call(PojoMetaMethodSite.java:52)
	at org.codehaus.groovy.runtime.callsite.CallSiteArray.defaultCall(CallSiteArray.java:43)
	at org.codehaus.groovy.runtime.callsite.AbstractCallSite.call(AbstractCallSite.java:116)
	at org.codehaus.groovy.runtime.callsite.AbstractCallSite.call(AbstractCallSite.java:124)
	at GenUtils.genByTableConfig(gen.groovy:119)
	at GenUtils$genByTableConfig.call(Unknown Source)
	at org.codehaus.groovy.runtime.callsite.CallSiteArray.defaultCall(CallSiteArray.java:43)
	at org.codehaus.groovy.runtime.callsite.AbstractCallSite.call(AbstractCallSite.java:116)
	at org.codehaus.groovy.runtime.callsite.AbstractCallSite.call(AbstractCallSite.java:132)
	at Targets.dal(gen.groovy:78)
	at sun.reflect.NativeMethodAccessorImpl.invoke0(Native Method)
	at sun.reflect.NativeMethodAccessorImpl.invoke(NativeMethodAccessorImpl.java:62)
	at sun.reflect.DelegatingMethodAccessorImpl.invoke(DelegatingMethodAccessorImpl.java:43)
	at java.lang.reflect.Method.invoke(Method.java:498)
	at org.codehaus.groovy.reflection.CachedMethod.invoke(CachedMethod.java:86)
	at groovy.lang.MetaMethod.doMethodInvoke(MetaMethod.java:234)
	at groovy.lang.MetaClassImpl.invokeMethod(MetaClassImpl.java:1061)
	at groovy.lang.MetaClassImpl.invokeMethod(MetaClassImpl.java:892)
	at org.codehaus.groovy.runtime.InvokerHelper.invokePogoMethod(InvokerHelper.java:737)
	at org.codehaus.groovy.runtime.InvokerHelper.invokeMethod(InvokerHelper.java:720)
	at org.codehaus.groovy.runtime.ScriptBytecodeAdapter.invokeMethodN(ScriptBytecodeAdapter.java:163)
	at org.codehaus.groovy.runtime.ScriptBytecodeAdapter.invokeMethod0(ScriptBytecodeAdapter.java:188)
	at gen.main(gen.groovy:29)
	at gen$main.callCurrent(Unknown Source)
	at org.codehaus.groovy.runtime.callsite.CallSiteArray.defaultCallCurrent(CallSiteArray.java:47)
	at org.codehaus.groovy.runtime.callsite.AbstractCallSite.callCurrent(AbstractCallSite.java:142)
	at org.codehaus.groovy.runtime.callsite.AbstractCallSite.callCurrent(AbstractCallSite.java:146)
	at gen.run(gen.groovy:21)
	at sun.reflect.NativeMethodAccessorImpl.invoke0(Native Method)
	at sun.reflect.NativeMethodAccessorImpl.invoke(NativeMethodAccessorImpl.java:62)
	at sun.reflect.DelegatingMethodAccessorImpl.invoke(DelegatingMethodAccessorImpl.java:43)
	at java.lang.reflect.Method.invoke(Method.java:498)
	at org.codehaus.groovy.maven.runtime.support.ScriptExecutorSupport.invokeMethod(ScriptExecutorSupport.java:158)
	at org.codehaus.groovy.maven.runtime.support.ScriptExecutorSupport.execute(ScriptExecutorSupport.java:126)
	at org.codehaus.groovy.maven.runtime.support.ScriptExecutorSupport.execute(ScriptExecutorSupport.java:73)
	at org.codehaus.groovy.maven.plugin.execute.ExecuteMojo.process(ExecuteMojo.java:249)
	at org.codehaus.groovy.maven.plugin.ComponentMojoSupport.doExecute(ComponentMojoSupport.java:60)
	at org.codehaus.groovy.maven.plugin.MojoSupport.execute(MojoSupport.java:69)
	at org.apache.maven.plugin.DefaultBuildPluginManager.executeMojo(DefaultBuildPluginManager.java:134)
	at org.apache.maven.lifecycle.internal.MojoExecutor.execute(MojoExecutor.java:207)
	at org.apache.maven.lifecycle.internal.MojoExecutor.execute(MojoExecutor.java:153)
	at org.apache.maven.lifecycle.internal.MojoExecutor.execute(MojoExecutor.java:145)
	at org.apache.maven.lifecycle.internal.LifecycleModuleBuilder.buildProject(LifecycleModuleBuilder.java:116)
	at org.apache.maven.lifecycle.internal.LifecycleModuleBuilder.buildProject(LifecycleModuleBuilder.java:80)
	at org.apache.maven.lifecycle.internal.builder.singlethreaded.SingleThreadedBuilder.build(SingleThreadedBuilder.java:51)
	at org.apache.maven.lifecycle.internal.LifecycleStarter.execute(LifecycleStarter.java:128)
	at org.apache.maven.DefaultMaven.doExecute(DefaultMaven.java:307)
	at org.apache.maven.DefaultMaven.doExecute(DefaultMaven.java:193)
	at org.apache.maven.DefaultMaven.execute(DefaultMaven.java:106)
	at org.apache.maven.cli.MavenCli.execute(MavenCli.java:863)
	at org.apache.maven.cli.MavenCli.doMain(MavenCli.java:288)
	at org.apache.maven.cli.MavenCli.main(MavenCli.java:199)
	at sun.reflect.NativeMethodAccessorImpl.invoke0(Native Method)
	at sun.reflect.NativeMethodAccessorImpl.invoke(NativeMethodAccessorImpl.java:62)
	at sun.reflect.DelegatingMethodAccessorImpl.invoke(DelegatingMethodAccessorImpl.java:43)
	at java.lang.reflect.Method.invoke(Method.java:498)
	at org.codehaus.plexus.classworlds.launcher.Launcher.launchEnhanced(Launcher.java:289)
	at org.codehaus.plexus.classworlds.launcher.Launcher.launch(Launcher.java:229)
	at org.codehaus.plexus.classworlds.launcher.Launcher.mainWithExitCode(Launcher.java:415)
	at org.codehaus.plexus.classworlds.launcher.Launcher.main(Launcher.java:356)
Caused by: freemarker.template.TemplateModelException: get(sqls) failed on instance of cn.org.rapid_framework.generator.ext.tableconfig.model.TableConfig
	at freemarker.ext.beans.BeanModel.get(BeanModel.java:223)
	at freemarker.core.Dot._getAsTemplateModel(Dot.java:76)
	at freemarker.core.Expression.getAsTemplateModel(Expression.java:89)
	at freemarker.core.IteratorBlock.accept(IteratorBlock.java:94)
	at freemarker.core.Environment.visit(Environment.java:210)
	at freemarker.core.MixedContent.accept(MixedContent.java:92)
	at freemarker.core.Environment.visit(Environment.java:210)
	at freemarker.core.Environment.process(Environment.java:190)
	at freemarker.template.Template.process(Template.java:237)
	at cn.org.rapid_framework.generator.Generator$TemplateProcessor.processTemplateForGeneratorControl(Generator.java:343)
	at cn.org.rapid_framework.generator.Generator$TemplateProcessor.executeGenerate(Generator.java:301)
	... 72 more
Caused by: java.lang.reflect.InvocationTargetException
	at sun.reflect.NativeMethodAccessorImpl.invoke0(Native Method)
	at sun.reflect.NativeMethodAccessorImpl.invoke(NativeMethodAccessorImpl.java:62)
	at sun.reflect.DelegatingMethodAccessorImpl.invoke(DelegatingMethodAccessorImpl.java:43)
	at java.lang.reflect.Method.invoke(Method.java:498)
	at freemarker.ext.beans.BeansWrapper.invokeMethod(BeansWrapper.java:840)
	at freemarker.ext.beans.BeanModel.invokeThroughDescriptor(BeanModel.java:276)
	at freemarker.ext.beans.BeanModel.get(BeanModel.java:183)
	... 82 more
Caused by: java.lang.RuntimeException: parse sql error on table:DEPARTMENT_ORDER_INFO operation:selectOrderNum() sql:
            select * DEPARTMENT_ORDER_INFO
        
	at cn.org.rapid_framework.generator.ext.tableconfig.model.TableConfig$Convert2SqlsProecssor.processOperation(TableConfig.java:292)
	at cn.org.rapid_framework.generator.ext.tableconfig.model.TableConfig$Convert2SqlsProecssor.toSqls(TableConfig.java:240)
	at cn.org.rapid_framework.generator.ext.tableconfig.model.TableConfig.toSqls(TableConfig.java:221)
	at cn.org.rapid_framework.generator.ext.tableconfig.model.TableConfig.getSqls(TableConfig.java:215)
	... 89 more
Caused by: java.lang.RuntimeException: execute sql occer error,
executedSql:
    select
        * DEPARTMENT_ORDER_INFO         
	at cn.org.rapid_framework.generator.provider.db.sql.SqlFactory.parseSql(SqlFactory.java:91)
	at cn.org.rapid_framework.generator.ext.tableconfig.model.TableConfig$Convert2SqlsProecssor.processOperation(TableConfig.java:257)
	... 92 more
Caused by: java.sql.SQLException: errorCode:1064 SQLState:42000 errorCodeTranslatorDataBaaseName:[MySQL] You have an error in your SQL syntax; check the manual that corresponds to your MariaDB server version for the right syntax to use near 'DEPARTMENT_ORDER_INFO' at line 2
	at cn.org.rapid_framework.generator.provider.db.sql.SqlFactory.executeSqlForResultSetMetaData(SqlFactory.java:131)
	at cn.org.rapid_framework.generator.provider.db.sql.SqlFactory.parseSql(SqlFactory.java:85)
	... 93 more
java.lang.RuntimeException: generate oucur error,templateFile is:src\main\java\${basepackage_dir}\ibatis\Ibatis${className}${deployModule}DAO.java.ftl => D:\MyConfiguration\hyz46086\IdeaProjects\tc.tmc.datacollectionapi\dalgen\db\..\..\app\dal\src\main\java\com\ly\report\tmc\datacollectionapi\datacollectionapi\dal\ibatis\IbatisDepartmentOrderInfoDAO.java cause:freemarker.template.TemplateModelException: get(sqls) failed on instance of cn.org.rapid_framework.generator.ext.tableconfig.model.TableConfig
	at cn.org.rapid_framework.generator.Generator$TemplateProcessor.executeGenerate(Generator.java:312)
	at cn.org.rapid_framework.generator.Generator$TemplateProcessor.access$100(Generator.java:273)
	at cn.org.rapid_framework.generator.Generator.scanTemplatesAndProcess(Generator.java:255)
	at cn.org.rapid_framework.generator.Generator.processTemplateRootDirs(Generator.java:195)
	at cn.org.rapid_framework.generator.Generator.generateBy(Generator.java:165)
	at cn.org.rapid_framework.generator.GeneratorFacade$ProcessUtils.processByGeneratorModel(GeneratorFacade.java:220)
	at cn.org.rapid_framework.generator.GeneratorFacade$ProcessUtils.processByMap(GeneratorFacade.java:195)
	at cn.org.rapid_framework.generator.GeneratorFacade.generateByMap(GeneratorFacade.java:55)
	at sun.reflect.NativeMethodAccessorImpl.invoke0(Native Method)
	at sun.reflect.NativeMethodAccessorImpl.invoke(NativeMethodAccessorImpl.java:62)
	at sun.reflect.DelegatingMethodAccessorImpl.invoke(DelegatingMethodAccessorImpl.java:43)
	at java.lang.reflect.Method.invoke(Method.java:498)
	at org.codehaus.groovy.runtime.callsite.PojoMetaMethodSite$PojoCachedMethodSite.invoke(PojoMetaMethodSite.java:188)
	at org.codehaus.groovy.runtime.callsite.PojoMetaMethodSite.call(PojoMetaMethodSite.java:52)
	at org.codehaus.groovy.runtime.callsite.CallSiteArray.defaultCall(CallSiteArray.java:43)
	at org.codehaus.groovy.runtime.callsite.AbstractCallSite.call(AbstractCallSite.java:116)
	at org.codehaus.groovy.runtime.callsite.AbstractCallSite.call(AbstractCallSite.java:124)
	at GenUtils.genByTableConfig(gen.groovy:119)
	at GenUtils$genByTableConfig.call(Unknown Source)
	at org.codehaus.groovy.runtime.callsite.CallSiteArray.defaultCall(CallSiteArray.java:43)
	at org.codehaus.groovy.runtime.callsite.AbstractCallSite.call(AbstractCallSite.java:116)
	at org.codehaus.groovy.runtime.callsite.AbstractCallSite.call(AbstractCallSite.java:132)
	at Targets.dal(gen.groovy:78)
	at sun.reflect.NativeMethodAccessorImpl.invoke0(Native Method)
	at sun.reflect.NativeMethodAccessorImpl.invoke(NativeMethodAccessorImpl.java:62)
	at sun.reflect.DelegatingMethodAccessorImpl.invoke(DelegatingMethodAccessorImpl.java:43)
	at java.lang.reflect.Method.invoke(Method.java:498)
	at org.codehaus.groovy.reflection.CachedMethod.invoke(CachedMethod.java:86)
	at groovy.lang.MetaMethod.doMethodInvoke(MetaMethod.java:234)
	at groovy.lang.MetaClassImpl.invokeMethod(MetaClassImpl.java:1061)
	at groovy.lang.MetaClassImpl.invokeMethod(MetaClassImpl.java:892)
	at org.codehaus.groovy.runtime.InvokerHelper.invokePogoMethod(InvokerHelper.java:737)
	at org.codehaus.groovy.runtime.InvokerHelper.invokeMethod(InvokerHelper.java:720)
	at org.codehaus.groovy.runtime.ScriptBytecodeAdapter.invokeMethodN(ScriptBytecodeAdapter.java:163)
	at org.codehaus.groovy.runtime.ScriptBytecodeAdapter.invokeMethod0(ScriptBytecodeAdapter.java:188)
	at gen.main(gen.groovy:29)
	at gen$main.callCurrent(Unknown Source)
	at org.codehaus.groovy.runtime.callsite.CallSiteArray.defaultCallCurrent(CallSiteArray.java:47)
	at org.codehaus.groovy.runtime.callsite.AbstractCallSite.callCurrent(AbstractCallSite.java:142)
	at org.codehaus.groovy.runtime.callsite.AbstractCallSite.callCurrent(AbstractCallSite.java:146)
	at gen.run(gen.groovy:21)
	at sun.reflect.NativeMethodAccessorImpl.invoke0(Native Method)
	at sun.reflect.NativeMethodAccessorImpl.invoke(NativeMethodAccessorImpl.java:62)
	at sun.reflect.DelegatingMethodAccessorImpl.invoke(DelegatingMethodAccessorImpl.java:43)
	at java.lang.reflect.Method.invoke(Method.java:498)
	at org.codehaus.groovy.maven.runtime.support.ScriptExecutorSupport.invokeMethod(ScriptExecutorSupport.java:158)
	at org.codehaus.groovy.maven.runtime.support.ScriptExecutorSupport.execute(ScriptExecutorSupport.java:126)
	at org.codehaus.groovy.maven.runtime.support.ScriptExecutorSupport.execute(ScriptExecutorSupport.java:73)
	at org.codehaus.groovy.maven.plugin.execute.ExecuteMojo.process(ExecuteMojo.java:249)
	at org.codehaus.groovy.maven.plugin.ComponentMojoSupport.doExecute(ComponentMojoSupport.java:60)
	at org.codehaus.groovy.maven.plugin.MojoSupport.execute(MojoSupport.java:69)
	at org.apache.maven.plugin.DefaultBuildPluginManager.executeMojo(DefaultBuildPluginManager.java:134)
	at org.apache.maven.lifecycle.internal.MojoExecutor.execute(MojoExecutor.java:207)
	at org.apache.maven.lifecycle.internal.MojoExecutor.execute(MojoExecutor.java:153)
	at org.apache.maven.lifecycle.internal.MojoExecutor.execute(MojoExecutor.java:145)
	at org.apache.maven.lifecycle.internal.LifecycleModuleBuilder.buildProject(LifecycleModuleBuilder.java:116)
	at org.apache.maven.lifecycle.internal.LifecycleModuleBuilder.buildProject(LifecycleModuleBuilder.java:80)
	at org.apache.maven.lifecycle.internal.builder.singlethreaded.SingleThreadedBuilder.build(SingleThreadedBuilder.java:51)
	at org.apache.maven.lifecycle.internal.LifecycleStarter.execute(LifecycleStarter.java:128)
	at org.apache.maven.DefaultMaven.doExecute(DefaultMaven.java:307)
	at org.apache.maven.DefaultMaven.doExecute(DefaultMaven.java:193)
	at org.apache.maven.DefaultMaven.execute(DefaultMaven.java:106)
	at org.apache.maven.cli.MavenCli.execute(MavenCli.java:863)
	at org.apache.maven.cli.MavenCli.doMain(MavenCli.java:288)
	at org.apache.maven.cli.MavenCli.main(MavenCli.java:199)
	at sun.reflect.NativeMethodAccessorImpl.invoke0(Native Method)
	at sun.reflect.NativeMethodAccessorImpl.invoke(NativeMethodAccessorImpl.java:62)
	at sun.reflect.DelegatingMethodAccessorImpl.invoke(DelegatingMethodAccessorImpl.java:43)
	at java.lang.reflect.Method.invoke(Method.java:498)
	at org.codehaus.plexus.classworlds.launcher.Launcher.launchEnhanced(Launcher.java:289)
	at org.codehaus.plexus.classworlds.launcher.Launcher.launch(Launcher.java:229)
	at org.codehaus.plexus.classworlds.launcher.Launcher.mainWithExitCode(Launcher.java:415)
	at org.codehaus.plexus.classworlds.launcher.Launcher.main(Launcher.java:356)
Caused by: freemarker.template.TemplateModelException: get(sqls) failed on instance of cn.org.rapid_framework.generator.ext.tableconfig.model.TableConfig
	at freemarker.ext.beans.BeanModel.get(BeanModel.java:223)
	at freemarker.core.Dot._getAsTemplateModel(Dot.java:76)
	at freemarker.core.Expression.getAsTemplateModel(Expression.java:89)
	at freemarker.core.IteratorBlock.accept(IteratorBlock.java:94)
	at freemarker.core.Environment.visit(Environment.java:210)
	at freemarker.core.MixedContent.accept(MixedContent.java:92)
	at freemarker.core.Environment.visit(Environment.java:210)
	at freemarker.core.Environment.process(Environment.java:190)
	at freemarker.template.Template.process(Template.java:237)
	at cn.org.rapid_framework.generator.Generator$TemplateProcessor.processTemplateForGeneratorControl(Generator.java:343)
	at cn.org.rapid_framework.generator.Generator$TemplateProcessor.executeGenerate(Generator.java:301)
	... 72 more
Caused by: java.lang.reflect.InvocationTargetException
	at sun.reflect.NativeMethodAccessorImpl.invoke0(Native Method)
	at sun.reflect.NativeMethodAccessorImpl.invoke(NativeMethodAccessorImpl.java:62)
	at sun.reflect.DelegatingMethodAccessorImpl.invoke(DelegatingMethodAccessorImpl.java:43)
	at java.lang.reflect.Method.invoke(Method.java:498)
	at freemarker.ext.beans.BeansWrapper.invokeMethod(BeansWrapper.java:840)
	at freemarker.ext.beans.BeanModel.invokeThroughDescriptor(BeanModel.java:276)
	at freemarker.ext.beans.BeanModel.get(BeanModel.java:183)
	... 82 more
Caused by: java.lang.RuntimeException: parse sql error on table:DEPARTMENT_ORDER_INFO operation:selectOrderNum() sql:
            select * DEPARTMENT_ORDER_INFO
        
	at cn.org.rapid_framework.generator.ext.tableconfig.model.TableConfig$Convert2SqlsProecssor.processOperation(TableConfig.java:292)
	at cn.org.rapid_framework.generator.ext.tableconfig.model.TableConfig$Convert2SqlsProecssor.toSqls(TableConfig.java:240)
	at cn.org.rapid_framework.generator.ext.tableconfig.model.TableConfig.toSqls(TableConfig.java:221)
	at cn.org.rapid_framework.generator.ext.tableconfig.model.TableConfig.getSqls(TableConfig.java:215)
	... 89 more
Caused by: java.lang.RuntimeException: execute sql occer error,
executedSql:
    select
        * DEPARTMENT_ORDER_INFO         
	at cn.org.rapid_framework.generator.provider.db.sql.SqlFactory.parseSql(SqlFactory.java:91)
	at cn.org.rapid_framework.generator.ext.tableconfig.model.TableConfig$Convert2SqlsProecssor.processOperation(TableConfig.java:257)
	... 92 more
Caused by: java.sql.SQLException: errorCode:1064 SQLState:42000 errorCodeTranslatorDataBaaseName:[MySQL] You have an error in your SQL syntax; check the manual that corresponds to your MariaDB server version for the right syntax to use near 'DEPARTMENT_ORDER_INFO' at line 2
	at cn.org.rapid_framework.generator.provider.db.sql.SqlFactory.executeSqlForResultSetMetaData(SqlFactory.java:131)
	at cn.org.rapid_framework.generator.provider.db.sql.SqlFactory.parseSql(SqlFactory.java:85)
	... 93 more
java.lang.RuntimeException: generate oucur error,templateFile is:src\main\resources\sqlmap\${appModule}\${className}${deployModule}-sqlmap-mapping.xml.ftl => D:\MyConfiguration\hyz46086\IdeaProjects\tc.tmc.datacollectionapi\dalgen\db\..\..\app\dal\src\main\resources\sqlmap\datacollectionapi\DepartmentOrderInfo-sqlmap-mapping.xml cause:freemarker.template.TemplateModelException: get(sqls) failed on instance of cn.org.rapid_framework.generator.ext.tableconfig.model.TableConfig
	at cn.org.rapid_framework.generator.Generator$TemplateProcessor.executeGenerate(Generator.java:312)
	at cn.org.rapid_framework.generator.Generator$TemplateProcessor.access$100(Generator.java:273)
	at cn.org.rapid_framework.generator.Generator.scanTemplatesAndProcess(Generator.java:255)
	at cn.org.rapid_framework.generator.Generator.processTemplateRootDirs(Generator.java:195)
	at cn.org.rapid_framework.generator.Generator.generateBy(Generator.java:165)
	at cn.org.rapid_framework.generator.GeneratorFacade$ProcessUtils.processByGeneratorModel(GeneratorFacade.java:220)
	at cn.org.rapid_framework.generator.GeneratorFacade$ProcessUtils.processByMap(GeneratorFacade.java:195)
	at cn.org.rapid_framework.generator.GeneratorFacade.generateByMap(GeneratorFacade.java:55)
	at sun.reflect.NativeMethodAccessorImpl.invoke0(Native Method)
	at sun.reflect.NativeMethodAccessorImpl.invoke(NativeMethodAccessorImpl.java:62)
	at sun.reflect.DelegatingMethodAccessorImpl.invoke(DelegatingMethodAccessorImpl.java:43)
	at java.lang.reflect.Method.invoke(Method.java:498)
	at org.codehaus.groovy.runtime.callsite.PojoMetaMethodSite$PojoCachedMethodSite.invoke(PojoMetaMethodSite.java:188)
	at org.codehaus.groovy.runtime.callsite.PojoMetaMethodSite.call(PojoMetaMethodSite.java:52)
	at org.codehaus.groovy.runtime.callsite.CallSiteArray.defaultCall(CallSiteArray.java:43)
	at org.codehaus.groovy.runtime.callsite.AbstractCallSite.call(AbstractCallSite.java:116)
	at org.codehaus.groovy.runtime.callsite.AbstractCallSite.call(AbstractCallSite.java:124)
	at GenUtils.genByTableConfig(gen.groovy:119)
	at GenUtils$genByTableConfig.call(Unknown Source)
	at org.codehaus.groovy.runtime.callsite.CallSiteArray.defaultCall(CallSiteArray.java:43)
	at org.codehaus.groovy.runtime.callsite.AbstractCallSite.call(AbstractCallSite.java:116)
	at org.codehaus.groovy.runtime.callsite.AbstractCallSite.call(AbstractCallSite.java:132)
	at Targets.dal(gen.groovy:78)
	at sun.reflect.NativeMethodAccessorImpl.invoke0(Native Method)
	at sun.reflect.NativeMethodAccessorImpl.invoke(NativeMethodAccessorImpl.java:62)
	at sun.reflect.DelegatingMethodAccessorImpl.invoke(DelegatingMethodAccessorImpl.java:43)
	at java.lang.reflect.Method.invoke(Method.java:498)
	at org.codehaus.groovy.reflection.CachedMethod.invoke(CachedMethod.java:86)
	at groovy.lang.MetaMethod.doMethodInvoke(MetaMethod.java:234)
	at groovy.lang.MetaClassImpl.invokeMethod(MetaClassImpl.java:1061)
	at groovy.lang.MetaClassImpl.invokeMethod(MetaClassImpl.java:892)
	at org.codehaus.groovy.runtime.InvokerHelper.invokePogoMethod(InvokerHelper.java:737)
	at org.codehaus.groovy.runtime.InvokerHelper.invokeMethod(InvokerHelper.java:720)
	at org.codehaus.groovy.runtime.ScriptBytecodeAdapter.invokeMethodN(ScriptBytecodeAdapter.java:163)
	at org.codehaus.groovy.runtime.ScriptBytecodeAdapter.invokeMethod0(ScriptBytecodeAdapter.java:188)
	at gen.main(gen.groovy:29)
	at gen$main.callCurrent(Unknown Source)
	at org.codehaus.groovy.runtime.callsite.CallSiteArray.defaultCallCurrent(CallSiteArray.java:47)
	at org.codehaus.groovy.runtime.callsite.AbstractCallSite.callCurrent(AbstractCallSite.java:142)
	at org.codehaus.groovy.runtime.callsite.AbstractCallSite.callCurrent(AbstractCallSite.java:146)
	at gen.run(gen.groovy:21)
	at sun.reflect.NativeMethodAccessorImpl.invoke0(Native Method)
	at sun.reflect.NativeMethodAccessorImpl.invoke(NativeMethodAccessorImpl.java:62)
	at sun.reflect.DelegatingMethodAccessorImpl.invoke(DelegatingMethodAccessorImpl.java:43)
	at java.lang.reflect.Method.invoke(Method.java:498)
	at org.codehaus.groovy.maven.runtime.support.ScriptExecutorSupport.invokeMethod(ScriptExecutorSupport.java:158)
	at org.codehaus.groovy.maven.runtime.support.ScriptExecutorSupport.execute(ScriptExecutorSupport.java:126)
	at org.codehaus.groovy.maven.runtime.support.ScriptExecutorSupport.execute(ScriptExecutorSupport.java:73)
	at org.codehaus.groovy.maven.plugin.execute.ExecuteMojo.process(ExecuteMojo.java:249)
	at org.codehaus.groovy.maven.plugin.ComponentMojoSupport.doExecute(ComponentMojoSupport.java:60)
	at org.codehaus.groovy.maven.plugin.MojoSupport.execute(MojoSupport.java:69)
	at org.apache.maven.plugin.DefaultBuildPluginManager.executeMojo(DefaultBuildPluginManager.java:134)
	at org.apache.maven.lifecycle.internal.MojoExecutor.execute(MojoExecutor.java:207)
	at org.apache.maven.lifecycle.internal.MojoExecutor.execute(MojoExecutor.java:153)
	at org.apache.maven.lifecycle.internal.MojoExecutor.execute(MojoExecutor.java:145)
	at org.apache.maven.lifecycle.internal.LifecycleModuleBuilder.buildProject(LifecycleModuleBuilder.java:116)
	at org.apache.maven.lifecycle.internal.LifecycleModuleBuilder.buildProject(LifecycleModuleBuilder.java:80)
	at org.apache.maven.lifecycle.internal.builder.singlethreaded.SingleThreadedBuilder.build(SingleThreadedBuilder.java:51)
	at org.apache.maven.lifecycle.internal.LifecycleStarter.execute(LifecycleStarter.java:128)
	at org.apache.maven.DefaultMaven.doExecute(DefaultMaven.java:307)
	at org.apache.maven.DefaultMaven.doExecute(DefaultMaven.java:193)
	at org.apache.maven.DefaultMaven.execute(DefaultMaven.java:106)
	at org.apache.maven.cli.MavenCli.execute(MavenCli.java:863)
	at org.apache.maven.cli.MavenCli.doMain(MavenCli.java:288)
	at org.apache.maven.cli.MavenCli.main(MavenCli.java:199)
	at sun.reflect.NativeMethodAccessorImpl.invoke0(Native Method)
	at sun.reflect.NativeMethodAccessorImpl.invoke(NativeMethodAccessorImpl.java:62)
	at sun.reflect.DelegatingMethodAccessorImpl.invoke(DelegatingMethodAccessorImpl.java:43)
	at java.lang.reflect.Method.invoke(Method.java:498)
	at org.codehaus.plexus.classworlds.launcher.Launcher.launchEnhanced(Launcher.java:289)
	at org.codehaus.plexus.classworlds.launcher.Launcher.launch(Launcher.java:229)
	at org.codehaus.plexus.classworlds.launcher.Launcher.mainWithExitCode(Launcher.java:415)
	at org.codehaus.plexus.classworlds.launcher.Launcher.main(Launcher.java:356)
Caused by: freemarker.template.TemplateModelException: get(sqls) failed on instance of cn.org.rapid_framework.generator.ext.tableconfig.model.TableConfig
	at freemarker.ext.beans.BeanModel.get(BeanModel.java:223)
	at freemarker.core.Dot._getAsTemplateModel(Dot.java:76)
	at freemarker.core.Expression.getAsTemplateModel(Expression.java:89)
	at freemarker.core.IteratorBlock.accept(IteratorBlock.java:94)
	at freemarker.core.Environment.visit(Environment.java:210)
	at freemarker.core.MixedContent.accept(MixedContent.java:92)
	at freemarker.core.Environment.visit(Environment.java:210)
	at freemarker.core.Environment.process(Environment.java:190)
	at freemarker.template.Template.process(Template.java:237)
	at cn.org.rapid_framework.generator.Generator$TemplateProcessor.processTemplateForGeneratorControl(Generator.java:343)
	at cn.org.rapid_framework.generator.Generator$TemplateProcessor.executeGenerate(Generator.java:301)
	... 72 more
Caused by: java.lang.reflect.InvocationTargetException
	at sun.reflect.NativeMethodAccessorImpl.invoke0(Native Method)
	at sun.reflect.NativeMethodAccessorImpl.invoke(NativeMethodAccessorImpl.java:62)
	at sun.reflect.DelegatingMethodAccessorImpl.invoke(DelegatingMethodAccessorImpl.java:43)
	at java.lang.reflect.Method.invoke(Method.java:498)
	at freemarker.ext.beans.BeansWrapper.invokeMethod(BeansWrapper.java:840)
	at freemarker.ext.beans.BeanModel.invokeThroughDescriptor(BeanModel.java:276)
	at freemarker.ext.beans.BeanModel.get(BeanModel.java:183)
	... 82 more
Caused by: java.lang.RuntimeException: parse sql error on table:DEPARTMENT_ORDER_INFO operation:selectOrderNum() sql:
            select * DEPARTMENT_ORDER_INFO
        
	at cn.org.rapid_framework.generator.ext.tableconfig.model.TableConfig$Convert2SqlsProecssor.processOperation(TableConfig.java:292)
	at cn.org.rapid_framework.generator.ext.tableconfig.model.TableConfig$Convert2SqlsProecssor.toSqls(TableConfig.java:240)
	at cn.org.rapid_framework.generator.ext.tableconfig.model.TableConfig.toSqls(TableConfig.java:221)
	at cn.org.rapid_framework.generator.ext.tableconfig.model.TableConfig.getSqls(TableConfig.java:215)
	... 89 more
Caused by: java.lang.RuntimeException: execute sql occer error,
executedSql:
    select
        * DEPARTMENT_ORDER_INFO         
	at cn.org.rapid_framework.generator.provider.db.sql.SqlFactory.parseSql(SqlFactory.java:91)
	at cn.org.rapid_framework.generator.ext.tableconfig.model.TableConfig$Convert2SqlsProecssor.processOperation(TableConfig.java:257)
	... 92 more
Caused by: java.sql.SQLException: errorCode:1064 SQLState:42000 errorCodeTranslatorDataBaaseName:[MySQL] You have an error in your SQL syntax; check the manual that corresponds to your MariaDB server version for the right syntax to use near 'DEPARTMENT_ORDER_INFO' at line 2
	at cn.org.rapid_framework.generator.provider.db.sql.SqlFactory.executeSqlForResultSetMetaData(SqlFactory.java:131)
	at cn.org.rapid_framework.generator.provider.db.sql.SqlFactory.parseSql(SqlFactory.java:85)
	... 93 more
